
ROM used:   304/16384 (1%)
            308/16384 (1%) including unused fragments

            0.3 Average locations per line
            7.2 Average locations per statement

RAM used:   5/2048 (0%) at main() level
            6/2048 (0%) worst case

Stack used: 3 worst case (3 in main + 0 for interrupts)
Stack size: 31

Lines Stmts  %   Files
----- ----- ---  -----
   41    11  26  impacto.c
  151     0   0  tarjeta.h
  821     0   0  ..\..\..\..\..\..\Program Files (x86)\PICC\Devices\18F4550.h
   93    31  74  mismov.h
----- -----
 1106    42 Total

Page ROM  %  RAM   Vol Diff  Functions:
---- --- --- ---   --- ----  ----------
0     16   3    0    48  1.1  M1_H
0     16   3    0    48  1.1  M2_A
0     16   3    0    48  1.1  M4_A
0     16   3    0    48  1.1  M4_H
0     16   3    0    69  0.3  M4_P
0     40   7    1             @delay_ms1
0      6   1    0    21  1.0  DELANTE
0      4   1    0    12  0.8  PARAR_I
0      6   1    0    12  0.8  DISPARAR
0      6   1    0    12  0.8  RECOGER
0     60  10    1   123  1.3  IMPACTO
0     40   7    1             @delay_ms2
0     58  10    1   108  1.7  MAIN
 Inline         0             @cinit1

Program metrics:
    Functions               11
    Statements              42
    Comments                185
    Volume (V)              1055
    Difficulty (D)          10.0
    Effort to implement (E) 10539
    Time to implement (T)   10 minutes
    Est Delivered Bugs (B)  0
    Cyclomatic Complexity   1
    Maintainability (MI)    129

 Segment     Used  Free
-----------  ----  ----
00000-007FE     0  2048  
00800-00806     4  4  
00808-07FFE   300  30412  



