CCS PCH C Compiler, Version 5.008, 5967               17-jun.-19 18:29

               Filename:   C:\Users\padul\Desktop\GitHub\SMP\Impacto\impacto.lst

               ROM used:   304 bytes (1%)
                           Largest free fragment is 30412
               RAM used:   5 (0%) at main() level
                           6 (0%) worst case
               Stack used: 3 locations
               Stack size: 31

*
0800:  GOTO   08FA
.................... #include "tarjeta.h"  
.................... #ifndef _TARJETA_ 
.................... #define _TARJETA_ 
....................  
.................... #include <18F4550.h> 
.................... //////// Standard Header file for the PIC18F4550 device //////////////// 
.................... #device PIC18F4550 
....................  
.................... #list 
....................  
....................  
.................... #fuses USBDIV, CPUDIV1, PLL5, HSPLL, NOFCMEN, NOIESO, VREGEN, BORV21, BROWNOUT, NOPUT, WDT32768, NOWDT 
.................... #fuses MCLR, NOLPT1OSC, NOPBADEN, CCP2C1, NODEBUG, NOXINST, NOICPRT, NOLVP, STVREN, NOPROTECT, NOCPD 
.................... #fuses NOCPB, NOWRT, NOWRTD, WRTB, NOWRTC, NOEBTR, NOEBTRB 
....................  
.................... /*********************************************************** 
....................       EVITAMOS LA ZONA DE MEMORIA ASIGNADA AL MONITOR 
.................... ***********************************************************/ 
....................  
.................... #define LOADER_END   0x7FF 
.................... #define LOADER_SIZE   0x6FF 
....................  
.................... #build(reset=LOADER_END+1, interrupt=LOADER_END+9) 
.................... #org 0, LOADER_END {} 
.................... //#org 0x82A, 0x7FFF 
....................  
....................  
.................... /*********************************************************** 
....................            FUNCIONES PARA MOVER LOS MOTORES 
.................... MX_H() : Mueve el motor en sentido horario 
.................... MX_A() : Mueve el motor en sentido anti-horario 
.................... MX_P() : Para el motor 
.................... ***********************************************************/ 
....................  
.................... void M1_A(){ 
....................    output_high(PIN_A1); 
....................    output_high(PIN_D7); 
....................    output_low(PIN_D6); 
.................... } 
....................  
.................... void M1_H(){ 
....................    output_high(PIN_A1); 
*
0830:  BCF    F92.1
0832:  BSF    F89.1
....................    output_low(PIN_D7); 
0834:  BCF    F95.7
0836:  BCF    F8C.7
....................    output_high(PIN_D6); 
0838:  BCF    F95.6
083A:  BSF    F8C.6
083C:  GOTO   0852 (RETURN)
.................... } 
....................  
.................... void M1_P(){ 
....................    output_high(PIN_A1); 
....................    output_low(PIN_D7); 
....................    output_low(PIN_D6); 
.................... } 
....................  
.................... void M2_A(){ 
....................    output_high(PIN_A0); 
0840:  BCF    F92.0
0842:  BSF    F89.0
....................    output_high(PIN_C2); 
0844:  BCF    F94.2
0846:  BSF    F8B.2
....................    output_low(PIN_D5); 
0848:  BCF    F95.5
084A:  BCF    F8C.5
084C:  GOTO   0854 (RETURN)
.................... } 
....................  
.................... void M2_H(){ 
....................    output_high(PIN_A0); 
....................    output_low(PIN_C2); 
....................    output_high(PIN_D5); 
.................... } 
....................  
.................... void M2_P(){ 
....................    output_high(PIN_A0); 
....................    output_low(PIN_C2); 
....................    output_low(PIN_D5); 
.................... } 
....................  
.................... void M3_A(){ 
....................    output_high(PIN_A2); 
....................    output_low(PIN_B2); 
....................    output_high(PIN_E0); 
.................... } 
....................  
.................... void M3_H(){ 
....................    output_high(PIN_A2); 
....................    output_high(PIN_B2); 
....................    output_low(PIN_E0); 
.................... } 
....................  
.................... void M3_P(){ 
....................    output_high(PIN_A2); 
....................    output_low(PIN_B2); 
....................    output_low(PIN_E0); 
.................... } 
....................  
.................... void M4_A(){ 
....................    output_high(PIN_A3); 
*
08A8:  BCF    F92.3
08AA:  BSF    F89.3
....................    output_low(PIN_E2); 
08AC:  BCF    F96.2
08AE:  BCF    F8D.2
....................    output_high(PIN_E1); 
08B0:  BCF    F96.1
08B2:  BSF    F8D.1
08B4:  GOTO   08BA (RETURN)
.................... } 
....................  
.................... void M4_H(){ 
....................    output_high(PIN_A3); 
*
0856:  BCF    F92.3
0858:  BSF    F89.3
....................    output_high(PIN_E2); 
085A:  BCF    F96.2
085C:  BSF    F8D.2
....................    output_low(PIN_E1); 
085E:  BCF    F96.1
0860:  BCF    F8D.1
0862:  GOTO   0868 (RETURN)
.................... } 
....................  
.................... void M4_P(){ 
....................    output_high(PIN_A3); 
*
0894:  BCF    F92.3
0896:  BSF    F89.3
....................    output_low(PIN_E2); 
0898:  BCF    F96.2
089A:  BCF    F8D.2
....................    output_low(PIN_E1); 
089C:  BCF    F96.1
089E:  BCF    F8D.1
08A0:  GOTO   08A6 (RETURN)
.................... } 
....................  
....................  
.................... /*********************************************************** 
....................             MACRO PARA LEER EL PULSADOR P2 
.................... ***********************************************************/ 
....................  
.................... #define P2   (!input(PIN_B4)) 
....................  
.................... /*********************************************************** 
....................               MACROS PARA MANEJAR EL LED 
.................... ***********************************************************/ 
....................  
.................... #define led_on()   output_high(PIN_A5) 
.................... #define led_off()   output_low(PIN_A5) 
....................  
.................... /*********************************************************** 
....................            DEFINICION DE LAS E/S DIRECTAS 
.................... ***********************************************************/ 
....................  
.................... #define ES0   PIN_A4 
.................... #define ES1   PIN_B3 
.................... #define ES2   PIN_B5 
.................... #define ES3   PIN_B6 
.................... #define ES4   PIN_B7 
.................... #define ES5   PIN_C7 
.................... #define ES6   PIN_C6 
.................... #define ES7   PIN_C1 
.................... #define ES8   PIN_C0 
....................  
.................... /*********************************************************** 
....................         MACROS PARA LEER LOS SENSORES FIJOS INX 
.................... ***********************************************************/ 
....................  
.................... #define IN1      input(PIN_D0) 
.................... #define IN2      input(PIN_D1) 
.................... #define IN3      input(PIN_D2) 
.................... #define IN4      input(PIN_D3) 
.................... #define IN5      input(PIN_D4) 
.................... //IN6 ES UNA E/S CONFIGURABLE 
.................... //#define IN6      input(ES0) 
.................... //#define IN6      input(ES1) 
.................... // ... O CUALQUIER OTRA E/S DIRECTA 
....................  
.................... /*********************************************************** 
....................             DIRECTIVA PARA EL USO DEL I2C 
.................... ***********************************************************/ 
.................... #use I2C(master, sda=PIN_B0, scl=PIN_B1) 
....................  
.................... #endif 
....................  
....................  
....................  
.................... #include "mismov.h"  
.................... #ifndef _MISMOV_ 
.................... #define _MISMOV_ 
....................  
.................... #include "tarjeta.h" 
.................... #ifndef _TARJETA_ 
.................... #define _TARJETA_ 
....................  
.................... #include <18F4550.h> 
....................  
.................... #fuses USBDIV, CPUDIV1, PLL5, HSPLL, NOFCMEN, NOIESO, VREGEN, BORV21, BROWNOUT, NOPUT, WDT32768, NOWDT 
.................... #fuses MCLR, NOLPT1OSC, NOPBADEN, CCP2C1, NODEBUG, NOXINST, NOICPRT, NOLVP, STVREN, NOPROTECT, NOCPD 
.................... #fuses NOCPB, NOWRT, NOWRTD, WRTB, NOWRTC, NOEBTR, NOEBTRB 
....................  
.................... /*********************************************************** 
....................       EVITAMOS LA ZONA DE MEMORIA ASIGNADA AL MONITOR 
.................... ***********************************************************/ 
....................  
.................... #define LOADER_END   0x7FF 
.................... #define LOADER_SIZE   0x6FF 
....................  
.................... #build(reset=LOADER_END+1, interrupt=LOADER_END+9) 
.................... #org 0, LOADER_END {} 
.................... //#org 0x82A, 0x7FFF 
....................  
....................  
.................... /*********************************************************** 
....................            FUNCIONES PARA MOVER LOS MOTORES 
.................... MX_H() : Mueve el motor en sentido horario 
.................... MX_A() : Mueve el motor en sentido anti-horario 
.................... MX_P() : Para el motor 
.................... ***********************************************************/ 
....................  
.................... void M1_A(){ 
....................    output_high(PIN_A1); 
....................    output_high(PIN_D7); 
....................    output_low(PIN_D6); 
.................... } 
....................  
.................... void M1_H(){ 
....................    output_high(PIN_A1); 
....................    output_low(PIN_D7); 
....................    output_high(PIN_D6); 
.................... } 
....................  
.................... void M1_P(){ 
....................    output_high(PIN_A1); 
....................    output_low(PIN_D7); 
....................    output_low(PIN_D6); 
.................... } 
....................  
.................... void M2_A(){ 
....................    output_high(PIN_A0); 
....................    output_high(PIN_C2); 
....................    output_low(PIN_D5); 
.................... } 
....................  
.................... void M2_H(){ 
....................    output_high(PIN_A0); 
....................    output_low(PIN_C2); 
....................    output_high(PIN_D5); 
.................... } 
....................  
.................... void M2_P(){ 
....................    output_high(PIN_A0); 
....................    output_low(PIN_C2); 
....................    output_low(PIN_D5); 
.................... } 
....................  
.................... void M3_A(){ 
....................    output_high(PIN_A2); 
....................    output_low(PIN_B2); 
....................    output_high(PIN_E0); 
.................... } 
....................  
.................... void M3_H(){ 
....................    output_high(PIN_A2); 
....................    output_high(PIN_B2); 
....................    output_low(PIN_E0); 
.................... } 
....................  
.................... void M3_P(){ 
....................    output_high(PIN_A2); 
....................    output_low(PIN_B2); 
....................    output_low(PIN_E0); 
.................... } 
....................  
.................... void M4_A(){ 
....................    output_high(PIN_A3); 
....................    output_low(PIN_E2); 
....................    output_high(PIN_E1); 
.................... } 
....................  
.................... void M4_H(){ 
....................    output_high(PIN_A3); 
....................    output_high(PIN_E2); 
....................    output_low(PIN_E1); 
.................... } 
....................  
.................... void M4_P(){ 
....................    output_high(PIN_A3); 
....................    output_low(PIN_E2); 
....................    output_low(PIN_E1); 
.................... } 
....................  
....................  
.................... /*********************************************************** 
....................             MACRO PARA LEER EL PULSADOR P2 
.................... ***********************************************************/ 
....................  
.................... #define P2   (!input(PIN_B4)) 
....................  
.................... /*********************************************************** 
....................               MACROS PARA MANEJAR EL LED 
.................... ***********************************************************/ 
....................  
.................... #define led_on()   output_high(PIN_A5) 
.................... #define led_off()   output_low(PIN_A5) 
....................  
.................... /*********************************************************** 
....................            DEFINICION DE LAS E/S DIRECTAS 
.................... ***********************************************************/ 
....................  
.................... #define ES0   PIN_A4 
.................... #define ES1   PIN_B3 
.................... #define ES2   PIN_B5 
.................... #define ES3   PIN_B6 
.................... #define ES4   PIN_B7 
.................... #define ES5   PIN_C7 
.................... #define ES6   PIN_C6 
.................... #define ES7   PIN_C1 
.................... #define ES8   PIN_C0 
....................  
.................... /*********************************************************** 
....................         MACROS PARA LEER LOS SENSORES FIJOS INX 
.................... ***********************************************************/ 
....................  
.................... #define IN1      input(PIN_D0) 
.................... #define IN2      input(PIN_D1) 
.................... #define IN3      input(PIN_D2) 
.................... #define IN4      input(PIN_D3) 
.................... #define IN5      input(PIN_D4) 
.................... //IN6 ES UNA E/S CONFIGURABLE 
.................... //#define IN6      input(ES0) 
.................... //#define IN6      input(ES1) 
.................... // ... O CUALQUIER OTRA E/S DIRECTA 
....................  
.................... /*********************************************************** 
....................             DIRECTIVA PARA EL USO DEL I2C 
.................... ***********************************************************/ 
.................... #use I2C(master, sda=PIN_B0, scl=PIN_B1) 
....................  
.................... #endif 
....................  
....................  
....................  
.................... //#include "srf02.h" 
.................... #use delay (clock=48000000) 
*
086C:  CLRF   FEA
086E:  MOVLW  06
0870:  MOVWF  FE9
0872:  MOVF   FEF,W
0874:  BZ    0892
0876:  MOVLW  0F
0878:  MOVWF  01
087A:  CLRF   00
087C:  DECFSZ 00,F
087E:  BRA    087C
0880:  DECFSZ 01,F
0882:  BRA    087A
0884:  MOVLW  8F
0886:  MOVWF  00
0888:  DECFSZ 00,F
088A:  BRA    0888
088C:  NOP   
088E:  DECFSZ FEF,F
0890:  BRA    0876
0892:  RETURN 0
....................  
.................... void DELANTE(){ 
....................    M1_H(); 
*
0850:  BRA    0830
....................    M2_A(); 
0852:  BRA    0840
0854:  RETURN 0
.................... } 
....................  
.................... void ATRAS(){ 
....................    M1_A(); 
....................    M2_H(); 
.................... } 
....................  
.................... void PARAR(){ 
....................    M1_P(); 
....................    M2_P(); 
.................... } 
....................  
.................... void PARAR_I(){ 
....................    M4_P(); 
*
08A4:  BRA    0894
08A6:  RETURN 0
.................... } 
....................  
.................... void DISPARAR(){ 
....................    M4_H(); 
*
0866:  BRA    0856
0868:  GOTO   08C0 (RETURN)
.................... } 
....................  
.................... void RECOGER(){ 
....................    M4_A(); 
*
08B8:  BRA    08A8
08BA:  GOTO   08D8 (RETURN)
.................... } 
....................  
.................... void IMPACTO(){ 
....................    DISPARAR(); 
08BE:  BRA    0866
....................    delay_ms(250); 
08C0:  MOVLW  FA
08C2:  MOVWF  06
08C4:  RCALL  086C
....................    PARAR_I(); 
08C6:  RCALL  08A4
....................    delay_ms(500); 
08C8:  MOVLW  02
08CA:  MOVWF  05
08CC:  MOVLW  FA
08CE:  MOVWF  06
08D0:  RCALL  086C
08D2:  DECFSZ 05,F
08D4:  BRA    08CC
....................    RECOGER(); 
08D6:  BRA    08B8
....................    delay_ms(500); 
08D8:  MOVLW  02
08DA:  MOVWF  05
08DC:  MOVLW  FA
08DE:  MOVWF  06
08E0:  RCALL  086C
08E2:  DECFSZ 05,F
08E4:  BRA    08DC
....................    PARAR_I(); 
08E6:  RCALL  08A4
....................    delay_ms(500); 
08E8:  MOVLW  02
08EA:  MOVWF  05
08EC:  MOVLW  FA
08EE:  MOVWF  06
08F0:  RCALL  086C
08F2:  DECFSZ 05,F
08F4:  BRA    08EC
08F6:  GOTO   0920 (RETURN)
.................... } 
....................  
.................... void DERECHA(long int t){ 
....................    PARAR(); 
....................    delay_ms(400); 
....................    M1_P(); 
....................    M2_A(); 
....................    delay_ms(t); 
....................    PARAR(); 
....................    delay_ms(250); 
.................... } 
....................  
.................... void IZQUIERDA(long int t){ 
....................    PARAR(); 
....................    delay_ms(400); 
....................    M1_A(); 
....................    M2_P(); 
....................    delay_ms(t); 
....................    PARAR(); 
....................    delay_ms(250); 
.................... } 
....................  
.................... /*int ULTRA_SONIDOS_FRENTE(int dist){ 
....................    delay_ms(1); 
....................    if(srf_measure_cm_frente() < dist)  
....................       return 1; 
....................    else 
....................       return 0; 
.................... } 
....................  
.................... int ULTRA_SONIDOS_DERE(int dist){ 
....................    delay_ms(1); 
....................    if(srf_measure_cm_dere() < dist)  
....................       return 1; 
....................    else 
....................       return 0; 
.................... } 
....................  
....................  
.................... int ULTRA_SONIDOS_IZQUI(int dist){ 
....................    delay_ms(1); 
....................    if(srf_measure_cm_izqui() < dist)  
....................       return 1; 
....................    else 
....................       return 0; 
.................... }*/ 
....................  
....................  
.................... #endif 
....................  
.................... #use delay (clock=48000000)  
*
0808:  CLRF   FEA
080A:  MOVLW  06
080C:  MOVWF  FE9
080E:  MOVF   FEF,W
0810:  BZ    082E
0812:  MOVLW  0F
0814:  MOVWF  01
0816:  CLRF   00
0818:  DECFSZ 00,F
081A:  BRA    0818
081C:  DECFSZ 01,F
081E:  BRA    0816
0820:  MOVLW  8F
0822:  MOVWF  00
0824:  DECFSZ 00,F
0826:  BRA    0824
0828:  NOP   
082A:  DECFSZ FEF,F
082C:  BRA    0812
082E:  RETURN 0
....................  
....................  
.................... void inicializarTimer0PWM(){  
....................    setup_timer_0(RTCC_INTERNAL|RTCC_DIV_2|RTCC_8_BIT);  
....................    enable_interrupts(INT_TIMER0);  
....................    enable_interrupts(GLOBAL);  
.................... }   
....................   
.................... void main(){  
*
08FA:  CLRF   FF8
08FC:  BCF    FD0.7
08FE:  MOVF   FC1,W
0900:  ANDLW  C0
0902:  IORLW  0F
0904:  MOVWF  FC1
0906:  MOVLW  07
0908:  MOVWF  FB4
....................    //inicializarTimer0PWM(); 
....................    delay_ms(3000); 
090A:  MOVLW  0C
090C:  MOVWF  05
090E:  MOVLW  FA
0910:  MOVWF  06
0912:  RCALL  0808
0914:  DECFSZ 05,F
0916:  BRA    090E
....................    DELANTE(); 
0918:  RCALL  0850
....................    //delay_ms(500); 
....................    while(1){ 
....................       led_off(); 
091A:  BCF    F92.5
091C:  BCF    F89.5
....................       IMPACTO(); 
091E:  BRA    08BE
....................       DELANTE(); 
0920:  RCALL  0850
....................       delay_ms(500); 
0922:  MOVLW  02
0924:  MOVWF  05
0926:  MOVLW  FA
0928:  MOVWF  06
092A:  RCALL  0808
092C:  DECFSZ 05,F
092E:  BRA    0926
0930:  BRA    091A
....................       /*if(IN5 /*&& cont<2){ 
....................          led_on(); 
....................          //delay_ms(1000); 
....................          //IMPACTO(); 
....................          M4_A(); 
....................          delay_ms(300); 
....................       } 
....................       else if(IN4){ 
....................          /*M1_A(); 
....................          M2_A(); 
....................          cont=0; 
....................          delay_ms(500); 
....................          M4_H(); 
....................          delay_ms(300); 
....................       } 
....................         */  
....................    }   
.................... } 
....................  
0932:  SLEEP 

Configuration Fuses:
   Word  1: 0E24   PLL5 CPUDIV1 USBDIV HSPLL NOFCMEN NOIESO
   Word  2: 1E3F   NOPUT BROWNOUT BORV21 VREGEN NOWDT WDT32768
   Word  3: 8100   CCP2C1 NOPBADEN NOLPT1OSC MCLR
   Word  4: 0081   STVREN NOLVP ICSP1 NOXINST NODEBUG
   Word  5: C00F   NOPROTECT NOCPB NOCPD
   Word  6: A00F   NOWRT NOWRTC WRTB NOWRTD
   Word  7: 400F   NOEBTR NOEBTRB
