
ROM used:   562/16384 (2%)
            566/16384 (2%) including unused fragments

            0.5 Average locations per line
            6.1 Average locations per statement

RAM used:   28/2048 (1%) at main() level
            29/2048 (1%) worst case

Stack used: 4 worst case (1 in main + 3 for interrupts)
Stack size: 31

Lines Stmts  %   Files
----- ----- ---  -----
  124    56  61  main2.c
  151    36  39  tarjeta.h
  821     0   0  ..\..\..\..\..\..\Program Files (x86)\PICC\Devices\18F4550.h
----- -----
 1096    92 Total

Page ROM  %  RAM   Vol Diff  Functions:
---- --- --- ---   --- ----  ----------
0     14   1    0    48  1.1  M1_A
0     16   1    0    48  1.1  M1_H
0     14   1    0    48  1.1  M1_P
0     14   1    0    48  1.1  M2_A
0     16   1    0    48  1.1  M2_H
0     14   1    0    48  1.1  M2_P
0     40   4    1   485  7.8  @delay_ms1
0      6   1    0    21  1.0  motoresParar
0      8   1    0    21  1.0  motoresAdelante
0      8   1    0    21  1.0  motoresDerecha
0      8   1    0    21  1.0  motoresIzquierda
0      8   1    0    21  1.0  motoresAtras
0     64   6    0   425  6.4  tmr0_isr
0     36   3    0   266  6.5  @goto10653
0     12   1    0    69  1.6  inicializarTimer0PWM
0    138  12    1   381  4.2  MAIN
 Inline         0   288  6.0  @cinit1

Program metrics:
    Functions               17
    Statements              92
    Comments                173
    Volume (V)              4036
    Difficulty (D)          44.7
    Effort to implement (E) 180322
    Time to implement (T)   2 hours, 47 minutes
    Est Delivered Bugs (B)  1
    Cyclomatic Complexity   20
    Maintainability (MI)    66

 Segment     Used  Free
-----------  ----  ----
00000-007FE     0  2048  
00800-00806     4  4  
00808-00894   142  0  
00896-07FFE   416  30154  



