
ROM used:   672/16384 (2%)
            676/16384 (2%) including unused fragments

            0.7 Average locations per line
            12.2 Average locations per statement

RAM used:   8/2048 (0%) at main() level
            25/2048 (1%) worst case

Stack used: 2 worst case (2 in main + 0 for interrupts)
Stack size: 31

Lines Stmts  %   Files
----- ----- ---  -----
   43    19  35  leer_distancia_bucle.c
  151    36  65  tarjeta.h
  821     0   0  ..\..\..\..\..\..\Program Files (x86)\PICC\Devices\18F4550.h
----- -----
 1015    55 Total

Page ROM  %  RAM   Vol Diff  Functions:
---- --- --- ---   --- ----  ----------
0     42   3    1             @delay_ms1
0    100   7    2   214  3.4  calcular_distancia
0     56   4    2             @ITOF
0    348  26   14             @DIVFF
0     58   4    4             @SFTOI
0     64   5    1   143  2.6  MAIN
 Inline         0             @cinit1

Program metrics:
    Functions               2
    Statements              55
    Comments                177
    Volume (V)              441
    Difficulty (D)          5.3
    Effort to implement (E) 2354
    Time to implement (T)   2 minutes
    Est Delivered Bugs (B)  0
    Cyclomatic Complexity   1
    Maintainability (MI)    134

 Segment     Used  Free
-----------  ----  ----
00000-007FE     0  2048  
00800-00806     4  4  
00808-07FFE   668  30044  



