CCS PCH C Compiler, Version 5.008, 5967               17-may.-19 16:55

               Filename:   C:\Users\padul\Desktop\GitHub\SMP\sensor_ultrasonido\prueba.lst

               ROM used:   272 bytes (1%)
                           Largest free fragment is 30444
               RAM used:   25 (1%) at main() level
                           26 (1%) worst case
               Stack used: 2 locations (1 in main + 1 for interrupts)
               Stack size: 31

*
0800:  GOTO   08DC
*
0808:  MOVWF  04
080A:  MOVFF  FD8,05
080E:  MOVFF  FE0,06
0812:  MOVLB  0
0814:  MOVFF  FE9,0C
0818:  MOVFF  FEA,07
081C:  MOVFF  FE1,08
0820:  MOVFF  FE2,09
0824:  MOVFF  FD9,0A
0828:  MOVFF  FDA,0B
082C:  MOVFF  FF3,12
0830:  MOVFF  FF4,13
0834:  MOVFF  FFA,14
0838:  MOVFF  00,0E
083C:  MOVFF  01,0F
0840:  MOVFF  02,10
0844:  MOVFF  03,11
0848:  BTFSS  FA0.0
084A:  GOTO   0854
084E:  BTFSC  FA1.0
0850:  GOTO   0896
0854:  MOVFF  0E,00
0858:  MOVFF  0F,01
085C:  MOVFF  10,02
0860:  MOVFF  11,03
0864:  MOVFF  0C,FE9
0868:  MOVFF  07,FEA
086C:  BSF    07.7
086E:  MOVFF  08,FE1
0872:  MOVFF  09,FE2
0876:  MOVFF  0A,FD9
087A:  MOVFF  0B,FDA
087E:  MOVFF  12,FF3
0882:  MOVFF  13,FF4
0886:  MOVFF  14,FFA
088A:  MOVF   04,W
088C:  MOVFF  06,FE0
0890:  MOVFF  05,FD8
0894:  RETFIE 0
.................... #include "tarjeta.h" 
.................... #ifndef _TARJETA_ 
.................... #define _TARJETA_ 
....................  
.................... #include <18F4550.h> 
.................... //////// Standard Header file for the PIC18F4550 device //////////////// 
.................... #device PIC18F4550 
....................  
.................... #list 
....................  
....................  
.................... #fuses USBDIV, CPUDIV1, PLL5, HSPLL, NOFCMEN, NOIESO, VREGEN, BORV21, BROWNOUT, NOPUT, WDT32768, NOWDT 
.................... #fuses MCLR, NOLPT1OSC, NOPBADEN, CCP2C1, NODEBUG, NOXINST, NOICPRT, NOLVP, STVREN, NOPROTECT, NOCPD 
.................... #fuses NOCPB, NOWRT, NOWRTD, WRTB, NOWRTC, NOEBTR, NOEBTRB 
....................  
.................... /*********************************************************** 
....................       EVITAMOS LA ZONA DE MEMORIA ASIGNADA AL MONITOR 
.................... ***********************************************************/ 
....................  
.................... #define LOADER_END   0x7FF 
.................... #define LOADER_SIZE   0x6FF 
....................  
.................... #build(reset=LOADER_END+1, interrupt=LOADER_END+9) 
.................... #org 0, LOADER_END {} 
.................... //#org 0x82A, 0x7FFF 
....................  
....................  
.................... /*********************************************************** 
....................            FUNCIONES PARA MOVER LOS MOTORES 
.................... MX_H() : Mueve el motor en sentido horario 
.................... MX_A() : Mueve el motor en sentido anti-horario 
.................... MX_P() : Para el motor 
.................... ***********************************************************/ 
....................  
.................... void M1_A(){ 
....................    output_high(PIN_A1); 
....................    output_high(PIN_D7); 
....................    output_low(PIN_D6); 
.................... } 
....................  
.................... void M1_H(){ 
....................    output_high(PIN_A1); 
....................    output_low(PIN_D7); 
....................    output_high(PIN_D6); 
.................... } 
....................  
.................... void M1_P(){ 
....................    output_high(PIN_A1); 
....................    output_low(PIN_D7); 
....................    output_low(PIN_D6); 
.................... } 
....................  
.................... void M2_A(){ 
....................    output_high(PIN_A0); 
....................    output_high(PIN_C2); 
....................    output_low(PIN_D5); 
.................... } 
....................  
.................... void M2_H(){ 
....................    output_high(PIN_A0); 
....................    output_low(PIN_C2); 
....................    output_high(PIN_D5); 
.................... } 
....................  
.................... void M2_P(){ 
....................    output_high(PIN_A0); 
....................    output_low(PIN_C2); 
....................    output_low(PIN_D5); 
.................... } 
....................  
.................... void M3_A(){ 
....................    output_high(PIN_A2); 
....................    output_low(PIN_B2); 
....................    output_high(PIN_E0); 
.................... } 
....................  
.................... void M3_H(){ 
....................    output_high(PIN_A2); 
....................    output_high(PIN_B2); 
....................    output_low(PIN_E0); 
.................... } 
....................  
.................... void M3_P(){ 
....................    output_high(PIN_A2); 
....................    output_low(PIN_B2); 
....................    output_low(PIN_E0); 
.................... } 
....................  
.................... void M4_A(){ 
....................    output_high(PIN_A3); 
....................    output_low(PIN_E2); 
....................    output_high(PIN_E1); 
.................... } 
....................  
.................... void M4_H(){ 
....................    output_high(PIN_A3); 
....................    output_high(PIN_E2); 
....................    output_low(PIN_E1); 
.................... } 
....................  
.................... void M4_P(){ 
....................    output_high(PIN_A3); 
....................    output_low(PIN_E2); 
....................    output_low(PIN_E1); 
.................... } 
....................  
....................  
.................... /*********************************************************** 
....................             MACRO PARA LEER EL PULSADOR P2 
.................... ***********************************************************/ 
....................  
.................... #define P2   (!input(PIN_B4)) 
....................  
.................... /*********************************************************** 
....................               MACROS PARA MANEJAR EL LED 
.................... ***********************************************************/ 
....................  
.................... #define led_on()   output_high(PIN_A5) 
.................... #define led_off()   output_low(PIN_A5) 
....................  
.................... /*********************************************************** 
....................            DEFINICION DE LAS E/S DIRECTAS 
.................... ***********************************************************/ 
....................  
.................... #define ES0   PIN_A4 
.................... #define ES1   PIN_B3 
.................... #define ES2   PIN_B5 
.................... #define ES3   PIN_B6 
.................... #define ES4   PIN_B7 
.................... #define ES5   PIN_C7 
.................... #define ES6   PIN_C6 
.................... #define ES7   PIN_C1 
.................... #define ES8   PIN_C0 
....................  
.................... /*********************************************************** 
....................         MACROS PARA LEER LOS SENSORES FIJOS INX 
.................... ***********************************************************/ 
....................  
.................... #define IN1      input(PIN_D0) 
.................... #define IN2      input(PIN_D1) 
.................... #define IN3      input(PIN_D2) 
.................... #define IN4      input(PIN_D3) 
.................... #define IN5      input(PIN_D4) 
.................... //IN6 ES UNA E/S CONFIGURABLE 
.................... //#define IN6      input(ES0) 
.................... //#define IN6      input(ES1) 
.................... // ... O CUALQUIER OTRA E/S DIRECTA 
....................  
.................... /*********************************************************** 
....................             DIRECTIVA PARA EL USO DEL I2C 
.................... ***********************************************************/ 
.................... #use I2C(master, sda=PIN_B0, scl=PIN_B1) 
....................  
.................... #endif 
....................  
....................  
....................  
.................... #use delay (clock=48000000) 
*
08A0:  CLRF   FEA
08A2:  MOVLW  19
08A4:  MOVWF  FE9
08A6:  MOVF   FEF,W
08A8:  BZ    08C6
08AA:  MOVLW  0F
08AC:  MOVWF  01
08AE:  CLRF   00
08B0:  DECFSZ 00,F
08B2:  BRA    08B0
08B4:  DECFSZ 01,F
08B6:  BRA    08AE
08B8:  MOVLW  8F
08BA:  MOVWF  00
08BC:  DECFSZ 00,F
08BE:  BRA    08BC
08C0:  NOP   
08C2:  DECFSZ FEF,F
08C4:  BRA    08AA
08C6:  GOTO   090A (RETURN)
.................... #define INF_16_BIT 65535 
.................... #define SR04_TRIGG PIN_A4 
.................... #define SR04_ECHO PIN_B3 
.................... #use rs232(baud=9600, bits=8, parity=N, xmit=PIN_C4,rcv=PIN_C5) 
....................   
.................... // 50 cm * (59 ms / 1 cm) * (3uds /2ms) = 4425 
....................  
.................... int captura = 0; 
.................... long v_captura; 
....................  
....................  
....................  
.................... #INT_CCP2 
.................... void capture(){ 
....................    led_on(); 
*
0896:  BCF    F92.5
0898:  BSF    F89.5
089A:  BCF    FA1.0
089C:  GOTO   0854
.................... } 
....................  
.................... void pulseIn_ECHO_HIGH(){ 
....................    setup_ccp2(CCP_CAPTURE_RE); 
*
08CA:  BSF    F94.1
08CC:  CLRF   FBA
08CE:  MOVLW  05
08D0:  MOVWF  FBA
....................    enable_interrupts(INT_CCP2); 
08D2:  BSF    FA0.0
....................    set_timer1(0); 
08D4:  CLRF   FCF
08D6:  CLRF   FCE
08D8:  GOTO   0910 (RETURN)
.................... } 
....................  
.................... void main(){ 
08DC:  CLRF   FF8
08DE:  BCF    FD0.7
08E0:  BSF    07.7
08E2:  BCF    F94.4
08E4:  BSF    F8B.4
08E6:  CLRF   16
08E8:  MOVF   FC1,W
08EA:  ANDLW  C0
08EC:  IORLW  0F
08EE:  MOVWF  FC1
08F0:  MOVLW  07
08F2:  MOVWF  FB4
....................     
....................    enable_interrupts(GLOBAL); 
08F4:  MOVLW  C0
08F6:  IORWF  FF2,F
....................    setup_timer_1(T1_INTERNAL|T1_DIV_BY_8); 
08F8:  MOVLW  B5
08FA:  MOVWF  FCD
....................     
....................    while(1){ 
....................        
....................       output_low(SR04_TRIGG); 
08FC:  BCF    F92.4
08FE:  BCF    F89.4
....................       output_high(SR04_TRIGG); 
0900:  BCF    F92.4
0902:  BSF    F89.4
....................       delay_ms(10); 
0904:  MOVLW  0A
0906:  MOVWF  19
0908:  BRA    08A0
....................       output_low(SR04_TRIGG); 
090A:  BCF    F92.4
090C:  BCF    F89.4
....................       pulseIn_ECHO_HIGH(); 
090E:  BRA    08CA
0910:  BRA    08FC
....................    } 
....................  
.................... } 
....................  
0912:  SLEEP 

Configuration Fuses:
   Word  1: 0E24   PLL5 CPUDIV1 USBDIV HSPLL NOFCMEN NOIESO
   Word  2: 1E3F   NOPUT BROWNOUT BORV21 VREGEN NOWDT WDT32768
   Word  3: 8100   CCP2C1 NOPBADEN NOLPT1OSC MCLR
   Word  4: 0081   STVREN NOLVP ICSP1 NOXINST NODEBUG
   Word  5: C00F   NOPROTECT NOCPB NOCPD
   Word  6: A00F   NOWRT NOWRTC WRTB NOWRTD
   Word  7: 400F   NOEBTR NOEBTRB
