
ROM used:   272/16384 (1%)
            276/16384 (1%) including unused fragments

            0.3 Average locations per line
            5.6 Average locations per statement

RAM used:   25/2048 (1%) at main() level
            26/2048 (1%) worst case

Stack used: 2 worst case (1 in main + 1 for interrupts)
Stack size: 31

Lines Stmts  %   Files
----- ----- ---  -----
   42    13  27  prueba.c
  151    36  73  tarjeta.h
  821     0   0  ..\..\..\..\..\..\Program Files (x86)\PICC\Devices\18F4550.h
----- -----
 1014    49 Total

Page ROM  %  RAM   Vol Diff  Functions:
---- --- --- ---   --- ----  ----------
0     42   8    1             @delay_ms1
0     10   2    0    17  0.8  capture
0     18   3    0    48  1.1  pulseIn_ECHO_HIGH
0     56  10    0   156  2.2  MAIN
 Inline         0   136  2.0  @cinit1

Program metrics:
    Functions               4
    Statements              49
    Comments                172
    Volume (V)              512
    Difficulty (D)          6.3
    Effort to implement (E) 3206
    Time to implement (T)   3 minutes
    Est Delivered Bugs (B)  0
    Cyclomatic Complexity   1
    Maintainability (MI)    72

 Segment     Used  Free
-----------  ----  ----
00000-007FE     0  2048  
00800-00806     4  4  
00808-00894   142  0  
00896-07FFE   126  30444  



