
ROM used:   40/16384 (0%)
            44/16384 (0%) including unused fragments

            0.0 Average locations per line
            0.9 Average locations per statement

RAM used:   4/2048 (0%) at main() level
            4/2048 (0%) worst case

Stack used: 0 worst case (0 in main + 0 for interrupts)
Stack size: 31

Lines Stmts  %   Files
----- ----- ---  -----
   27    10  22  sensor.c
  150    36  78  tarjeta.h
  821     0   0  ..\..\..\..\..\Program Files (x86)\PICC\Devices\18F4550.h
----- -----
  998    46 Total

Page ROM  %  RAM   Vol Diff  Functions:
---- --- --- ---   --- ----  ----------
0     36  45    0    86  2.3  MAIN
 Inline         0             @cinit1

Program metrics:
    Functions               1
    Statements              46
    Comments                172
    Volume (V)              88
    Difficulty (D)          2.1
    Effort to implement (E) 185
    Time to implement (T)   0 minutes
    Est Delivered Bugs (B)  0
    Cyclomatic Complexity   1
    Maintainability (MI)    135

 Segment     Used  Free
-----------  ----  ----
00000-007FE     0  2048  
00800-00806     4  4  
00808-07FFE    36  30676  



