
ROM used:   544/16384 (2%)
            548/16384 (2%) including unused fragments

            0.5 Average locations per line
            6.1 Average locations per statement

RAM used:   28/2048 (1%) at main() level
            29/2048 (1%) worst case

Stack used: 4 worst case (1 in main + 3 for interrupts)
Stack size: 31

Lines Stmts  %   Files
----- ----- ---  -----
  136    53  60  main2.c
  151    36  40  tarjeta.h
  821     0   0  ..\..\..\..\..\..\Program Files (x86)\PICC\Devices\18F4550.h
----- -----
 1108    89 Total

Page ROM  %  RAM   Vol Diff  Functions:
---- --- --- ---   --- ----  ----------
0     14   1    0    48  1.1  M1_A
0     16   1    0    48  1.1  M1_H
0     14   1    0    48  1.1  M1_P
0     14   1    0    48  1.1  M2_A
0     16   1    0    48  1.1  M2_H
0     14   1    0    48  1.1  M2_P
0     42   4    1             @delay_ms1
0      6   1    0    21  1.0  motoresParar
0      8   1    0    21  1.0  motoresAdelante
0      8   1    0    21  1.0  motoresDerecha
0      8   1    0    21  1.0  motoresIzquierda
0      8   1    0    21  1.0  motoresAtras
0     64   6    0   425  6.4  tmr0_isr
0     36   3    0             @goto10653
0     12   1    0    69  1.6  inicializarTimer0PWM
0    118  11    1   303  3.2  MAIN
 Inline         0             @cinit1

Program metrics:
    Functions               14
    Statements              89
    Comments                189
    Volume (V)              2129
    Difficulty (D)          23.0
    Effort to implement (E) 49005
    Time to implement (T)   45 minutes
    Est Delivered Bugs (B)  0
    Cyclomatic Complexity   11
    Maintainability (MI)    87

 Segment     Used  Free
-----------  ----  ----
00000-007FE     0  2048  
00800-00806     4  4  
00808-00894   142  0  
00896-07FFE   398  30172  



