
ROM used:   86/16384 (0%)
            90/16384 (0%) including unused fragments

            0.1 Average locations per line
            1.8 Average locations per statement

RAM used:   4/2048 (0%) at main() level
            4/2048 (0%) worst case

Stack used: 1 worst case (1 in main + 0 for interrupts)
Stack size: 31

Lines Stmts  %   Files
----- ----- ---  -----
   25    12  25  motores_with_sensor.c
  151    36  75  tarjeta.h
  821     0   0  ..\..\..\..\..\..\Program Files (x86)\PICC\Devices\18F4550.h
----- -----
  997    48 Total

Page ROM  %  RAM   Vol Diff  Functions:
---- --- --- ---   --- ----  ----------
0     14   8    0    48  1.1  M1_H
0     16   9    0    48  1.1  M2_H
0     16   9    0    48  1.1  M2_P
0     36  21    0   108  2.7  MAIN
 Inline         0             @cinit1

Program metrics:
    Functions               4
    Statements              48
    Comments                172
    Volume (V)              389
    Difficulty (D)          5.9
    Effort to implement (E) 2291
    Time to implement (T)   2 minutes
    Est Delivered Bugs (B)  0
    Cyclomatic Complexity   1
    Maintainability (MI)    73

 Segment     Used  Free
-----------  ----  ----
00000-007FE     0  2048  
00800-00806     4  4  
00808-07FFE    82  30630  



