
ROM used:   456/16384 (1%)
            460/16384 (1%) including unused fragments

            0.4 Average locations per line
            8.8 Average locations per statement

RAM used:   5/2048 (0%) at main() level
            8/2048 (0%) worst case

Stack used: 3 worst case (3 in main + 0 for interrupts)
Stack size: 31

Lines Stmts  %   Files
----- ----- ---  -----
   33    20  38  controlar_giro.c
  151     0   0  tarjeta.h
  821     0   0  ..\..\..\..\..\..\Program Files (x86)\PICC\Devices\18F4550.h
   91    32  62  mismov.h
----- -----
 1096    52 Total

Page ROM  %  RAM   Vol Diff  Functions:
---- --- --- ---   --- ----  ----------
0     14   2    0    48  1.1  M1_A
0     16   2    0    48  1.1  M1_H
0     14   2    0    48  1.1  M1_P
0     14   2    0    48  1.1  M2_A
0     16   2    0    48  1.1  M2_H
0     14   2    0    48  1.1  M2_P
0     40   4    1             @delay_ms1
0      8   1    0    21  1.0  DELANTE
0      8   1    0    21  1.0  ATRAS
0      6   1    0    21  1.0  PARAR
0     56   6    3   121  1.3  DERECHA
0     56   6    3   121  1.3  IZQUIERDA
0     40   4    1    86  2.8  @delay_ms2
0    150  16    1   297  1.9  MAIN
 Inline         0    21  1.0  @cinit1

Program metrics:
    Functions               14
    Statements              52
    Comments                168
    Volume (V)              1900
    Difficulty (D)          18.9
    Effort to implement (E) 35930
    Time to implement (T)   33 minutes
    Est Delivered Bugs (B)  0
    Cyclomatic Complexity   1
    Maintainability (MI)    85

 Segment     Used  Free
-----------  ----  ----
00000-007FE     0  2048  
00800-00806     4  4  
00808-07FFE   452  30260  



